<?xml version="1.0" encoding="UTF-8"?>
<!-- Generated by org.testng.reporters.JUnitXMLReporter -->
<testsuite hostname="Elifs-Air.attlocal.net" ignored="0" name="hub spot Sanity Test" tests="5" failures="0" timestamp="03 Dec 2019 16:11:38 GMT" time="62.81" errors="0">
  <testcase name="loginTest" time="1.281" classname="com.hubspot.tests.LoginPageTest"/>
  <testcase name="verifyHomePageTitleTest" time="0.053" classname="com.hubspot.tests.HomePageTest"/>
  <testcase name="loginPageTitleTest" time="1.485" classname="com.hubspot.tests.LoginPageTest"/>
  <testcase name="verifyHomePageHeader" time="0.079" classname="com.hubspot.tests.HomePageTest"/>
  <testcase name="verifyLoggedInUserInfo" time="0.091" classname="com.hubspot.tests.HomePageTest"/>
</testsuite> <!-- hub spot Sanity Test -->
