<?xml version="1.0" encoding="UTF-8"?>
<!-- Generated by org.testng.reporters.JUnitXMLReporter -->
<testsuite hostname="Elifs-Air.attlocal.net" ignored="0" name="Default test" tests="4" failures="0" timestamp="03 Dec 2019 16:09:01 GMT" time="97.394" errors="0">
  <testcase name="verifyContactsPageTitle" time="0.927" classname="com.hubspot.tests.ContactsPageTest"/>
  <testcase name="createNewPOMContactTest" time="14.858" classname="com.hubspot.tests.ContactsPageTest"/>
  <testcase name="createNewPOMContactTest" time="14.04" classname="com.hubspot.tests.ContactsPageTest"/>
  <testcase name="createNewPOMContactTest" time="15.122" classname="com.hubspot.tests.ContactsPageTest"/>
</testsuite> <!-- Default test -->
